<?xml version="1.0" encoding="UTF-8"?>
<!-- Generated by org.testng.reporters.JUnitReportReporter -->
<testsuite hostname="Klaus" failures="0" tests="1" name="com.Flipkart.AddProduct.AddProductToCart" time="35.716" errors="0" timestamp="2022-09-20T12:05:51 IST" skipped="0">
  <testcase classname="com.Flipkart.AddProduct.AddProductToCart" name="addProduct" time="35.716"/>
  <system-out/>
</testsuite> <!-- com.Flipkart.AddProduct.AddProductToCart -->
