<?xml version="1.0" encoding="UTF-8"?>
<!-- Generated by org.testng.reporters.JUnitReportReporter -->
<testsuite hostname="Klaus" failures="0" tests="1" name="com.Flipkart.AddProduct.AddProductToCart" time="64.645" errors="0" timestamp="2022-09-20T14:14:31 IST" skipped="0">
  <testcase classname="com.Flipkart.AddProduct.AddProductToCart" name="addProductToCartAndValidateTest" time="64.645"/>
  <system-out>
    <![CDATA[validation successful]]>
  </system-out>
</testsuite> <!-- com.Flipkart.AddProduct.AddProductToCart -->
