<?xml version="1.0" encoding="UTF-8"?>
<!-- Generated by org.testng.reporters.JUnitReportReporter -->
<testsuite hostname="Klaus" failures="0" tests="1" name="com.Assignment.AssignmentTest" time="79.183" errors="0" timestamp="2022-11-15T19:51:13 IST" skipped="0">
  <testcase classname="com.Assignment.AssignmentTest" name="assignmentTest" time="79.183"/>
  <system-out/>
</testsuite> <!-- com.Assignment.AssignmentTest -->
