<?xml version="1.0" encoding="UTF-8"?>
<!-- Generated by org.testng.reporters.JUnitReportReporter -->
<testsuite hostname="Klaus" failures="0" tests="1" name="com.Flipkart.AddProduct.CartToProduct" time="41.395" errors="0" timestamp="2022-09-17T12:50:01 IST" skipped="0">
  <testcase classname="com.Flipkart.AddProduct.CartToProduct" name="cartToProductTest" time="41.395"/>
  <system-out/>
</testsuite> <!-- com.Flipkart.AddProduct.CartToProduct -->
